<?xml version="1.0" encoding="UTF-8"?>
<!-- Generated by org.testng.reporters.JUnitReportReporter -->
<testsuite skipped="0" hostname="DESKTOP-68OL0S2" name="weightwatchers.Search_studio_slots" tests="1" failures="0" timestamp="2020-08-01T05:31:30 EDT" time="50.214" errors="0">
  <testcase name="searchstudio" time="50.214" classname="weightwatchers.Search_studio_slots"/>
  <system-out/>
</testsuite> <!-- weightwatchers.Search_studio_slots -->
