<?xml version="1.0" encoding="UTF-8"?>
<!-- Generated by org.testng.reporters.JUnitReportReporter -->
<testsuite skipped="0" hostname="DESKTOP-68OL0S2" name="Ques_2_weightwatchers.Search_studio_slots" tests="1" failures="0" timestamp="2020-08-02T17:00:14 EDT" time="29.504" errors="0">
  <testcase name="searchstudio" time="29.504" classname="Ques_2_weightwatchers.Search_studio_slots"/>
  <system-out/>
</testsuite> <!-- Ques_2_weightwatchers.Search_studio_slots -->
